<?xml version="1.0" encoding="UTF-8"?>
<!-- Generated by org.testng.reporters.JUnitXMLReporter -->
<testsuite ignored="2" hostname="DESKTOP-4RGFJ3E" failures="0" tests="1" name="Default test" time="21.566" errors="0" timestamp="2025-09-20T11:46:39 IST">
  <testcase classname="com.ambalsoft.cemr.captureitpropatient.Api_Testing" name="testData" time="3.281"/>
  <testcase classname="com.ambalsoft.cemr.captureitpropatient.Api_Testing" name="CEMR_DB_To_CEMR_CP" time="0.0">
    <ignored/>
  </testcase> <!-- CEMR_DB_To_CEMR_CP -->
  <testcase classname="com.ambalsoft.cemr.captureitpropatient.Api_Testing" name="CP_DB_To_CEMR_ALL_Patient" time="0.0">
    <ignored/>
  </testcase> <!-- CP_DB_To_CEMR_ALL_Patient -->
</testsuite> <!-- Default test -->
