<?xml version="1.0" encoding="UTF-8"?>
<!-- Generated by org.testng.reporters.JUnitXMLReporter -->
<testsuite ignored="8" hostname="DESKTOP-4RGFJ3E" failures="2" tests="14" name="Test" time="220.607" errors="0" timestamp="2025-09-13T16:32:19 IST">
  <testcase classname="com.ambalsoft.cemr.Patient.Create_Patient_Test" name="patientModule" time="3.002"/>
  <testcase classname="com.ambalsoft.cemr.Patient.Create_Patient_Test" name="AddPatient" time="16.548"/>
  <testcase classname="com.ambalsoft.cemr.Patient.Create_Patient_Test" name="AddPatient" time="15.623"/>
  <testcase classname="com.ambalsoft.cemr.Patient.Create_Patient_Test" name="AddPatient" time="11.845"/>
  <testcase classname="com.ambalsoft.cemr.Patient.Create_Patient_Test" name="AddPatient" time="11.305"/>
  <testcase classname="com.ambalsoft.cemr.Patient.Create_Patient_Test" name="AddPatient" time="11.705"/>
  <testcase classname="com.ambalsoft.cemr.Patient.Create_Patient_Test" name="AddPatient" time="11.618"/>
  <testcase classname="com.ambalsoft.cemr.Patient.Create_Patient_Test" name="AddPatient" time="11.201"/>
  <testcase classname="com.ambalsoft.cemr.Patient.Create_Patient_Test" name="AddPatient" time="11.458"/>
  <testcase classname="com.ambalsoft.cemr.Patient.Create_Patient_Test" name="AddPatient" time="11.24"/>
  <testcase classname="com.ambalsoft.cemr.Patient.Create_Patient_Test" name="AddPatient" time="11.42"/>
  <testcase classname="com.ambalsoft.cemr.Patient.Create_Patient_Test" name="exportMrn" time="3.406"/>
  <testcase classname="com.ambalsoft.cemr.Patient.Retrive_Patient_Test" name="searchPatient" time="49.21">
    <failure type="org.openqa.selenium.NoSuchElementException" message="no such element: Unable to locate element: {&amp;quot;method&amp;quot;:&amp;quot;xpath&amp;quot;,&amp;quot;selector&amp;quot;:&amp;quot;//tbody[@role=&amp;apos;rowgroup&amp;apos;]/tr/td/span&amp;quot;}
  (Session info: chrome=140.0.7339.81)
For documentation on this error, please visit: https://www.selenium.dev/documentation/webdriver/troubleshooting/errors#no-such-element-exception
Build info: version: &amp;apos;4.34.0&amp;apos;, revision: &amp;apos;707dcb4246*&amp;apos;
System info: os.name: &amp;apos;Windows 11&amp;apos;, os.arch: &amp;apos;amd64&amp;apos;, os.version: &amp;apos;10.0&amp;apos;, java.version: &amp;apos;21.0.8&amp;apos;
Driver info: org.openqa.selenium.chrome.ChromeDriver
Command: [ee61ce35a0c05ed51949721e489a8467, findElement {value=//tbody[@role=&amp;apos;rowgroup&amp;apos;]/tr/td/span, using=xpath}]
Capabilities {acceptInsecureCerts: false, browserName: chrome, browserVersion: 140.0.7339.81, chrome: {chromedriverVersion: 140.0.7339.82 (bc93617e21c3..., userDataDir: C:\Users\SQA_TE~1\AppData\L...}, fedcm:accounts: true, goog:chromeOptions: {debuggerAddress: localhost:51119}, networkConnectionEnabled: false, pageLoadStrategy: normal, platformName: windows, proxy: Proxy(), se:cdp: ws://localhost:51119/devtoo..., se:cdpVersion: 140.0.7339.81, setWindowRect: true, strictFileInteractability: false, timeouts: {implicit: 0, pageLoad: 300000, script: 30000}, unhandledPromptBehavior: dismiss and notify, webauthn:extension:credBlob: true, webauthn:extension:largeBlob: true, webauthn:extension:minPinLength: true, webauthn:extension:prf: true, webauthn:virtualAuthenticators: true}
Session ID: ee61ce35a0c05ed51949721e489a8467">
      <![CDATA[org.openqa.selenium.NoSuchElementException: no such element: Unable to locate element: {"method":"xpath","selector":"//tbody[@role='rowgroup']/tr/td/span"}
  (Session info: chrome=140.0.7339.81)
For documentation on this error, please visit: https://www.selenium.dev/documentation/webdriver/troubleshooting/errors#no-such-element-exception
Build info: version: '4.34.0', revision: '707dcb4246*'
System info: os.name: 'Windows 11', os.arch: 'amd64', os.version: '10.0', java.version: '21.0.8'
Driver info: org.openqa.selenium.chrome.ChromeDriver
Command: [ee61ce35a0c05ed51949721e489a8467, findElement {value=//tbody[@role='rowgroup']/tr/td/span, using=xpath}]
Capabilities {acceptInsecureCerts: false, browserName: chrome, browserVersion: 140.0.7339.81, chrome: {chromedriverVersion: 140.0.7339.82 (bc93617e21c3..., userDataDir: C:\Users\SQA_TE~1\AppData\L...}, fedcm:accounts: true, goog:chromeOptions: {debuggerAddress: localhost:51119}, networkConnectionEnabled: false, pageLoadStrategy: normal, platformName: windows, proxy: Proxy(), se:cdp: ws://localhost:51119/devtoo..., se:cdpVersion: 140.0.7339.81, setWindowRect: true, strictFileInteractability: false, timeouts: {implicit: 0, pageLoad: 300000, script: 30000}, unhandledPromptBehavior: dismiss and notify, webauthn:extension:credBlob: true, webauthn:extension:largeBlob: true, webauthn:extension:minPinLength: true, webauthn:extension:prf: true, webauthn:virtualAuthenticators: true}
Session ID: ee61ce35a0c05ed51949721e489a8467
at org.openqa.selenium.remote.ErrorCodec.decode(ErrorCodec.java:167)
at org.openqa.selenium.remote.codec.w3c.W3CHttpResponseCodec.decode(W3CHttpResponseCodec.java:138)
at org.openqa.selenium.remote.codec.w3c.W3CHttpResponseCodec.decode(W3CHttpResponseCodec.java:50)
at org.openqa.selenium.remote.HttpCommandExecutor.execute(HttpCommandExecutor.java:215)
at org.openqa.selenium.remote.service.DriverCommandExecutor.invokeExecute(DriverCommandExecutor.java:216)
at org.openqa.selenium.remote.service.DriverCommandExecutor.execute(DriverCommandExecutor.java:174)
at org.openqa.selenium.remote.RemoteWebDriver.execute(RemoteWebDriver.java:544)
at org.openqa.selenium.remote.ElementLocation$ElementFinder$2.findElement(ElementLocation.java:165)
at org.openqa.selenium.remote.ElementLocation.findElement(ElementLocation.java:59)
at org.openqa.selenium.remote.RemoteWebDriver.findElement(RemoteWebDriver.java:367)
at org.openqa.selenium.remote.RemoteWebDriver.findElement(RemoteWebDriver.java:361)
at com.ambalsoft.cemr.Patient.Retrive_Patient_Test.searchPatient(Retrive_Patient_Test.java:40)
at java.base/java.util.ArrayList.forEach(ArrayList.java:1596)
... Removed 28 stack frames]]>
    </failure>
  </testcase> <!-- searchPatient -->
  <testcase classname="com.ambalsoft.cemr.Patient.Delete_Patient_Test" name="DeleteTest" time="3.624">
    <failure type="java.lang.NullPointerException" message="Cannot invoke &amp;quot;org.apache.poi.ss.usermodel.Sheet.getPhysicalNumberOfRows()&amp;quot; because &amp;quot;s&amp;quot; is null">
      <![CDATA[java.lang.NullPointerException: Cannot invoke "org.apache.poi.ss.usermodel.Sheet.getPhysicalNumberOfRows()" because "s" is null
at com.ambalsoft.cemr.automation.Excel_Utility.fetchExcelAll_Data(Excel_Utility.java:49)
at com.ambalsoft.cemr.Patient.Delete_Patient_Test.DeleteTest(Delete_Patient_Test.java:30)
at java.base/java.util.ArrayList.forEach(ArrayList.java:1596)
... Removed 25 stack frames]]>
    </failure>
  </testcase> <!-- DeleteTest -->
  <testcase classname="com.ambalsoft.cemr.automation.BaseClass" name="@BeforeTest connectDB" time="0.0">
    <ignored/>
  </testcase> <!-- @BeforeTest connectDB -->
  <testcase classname="com.ambalsoft.cemr.automation.BaseClass" name="@AfterTest disconnectDB" time="0.0">
    <ignored/>
  </testcase> <!-- @AfterTest disconnectDB -->
  <testcase classname="com.ambalsoft.cemr.automation.BaseClass" name="@BeforeSuite connectServer" time="0.0">
    <ignored/>
  </testcase> <!-- @BeforeSuite connectServer -->
  <testcase classname="com.ambalsoft.cemr.automation.BaseClass" name="@BeforeSuite connectServer" time="0.0">
    <ignored/>
  </testcase> <!-- @BeforeSuite connectServer -->
  <testcase classname="com.ambalsoft.cemr.automation.BaseClass" name="@AfterSuite disconnectServer" time="0.0">
    <ignored/>
  </testcase> <!-- @AfterSuite disconnectServer -->
  <testcase classname="com.ambalsoft.cemr.automation.BaseClass" name="@BeforeTest connectDB" time="0.0">
    <ignored/>
  </testcase> <!-- @BeforeTest connectDB -->
  <testcase classname="com.ambalsoft.cemr.automation.BaseClass" name="@AfterTest disconnectDB" time="0.0">
    <ignored/>
  </testcase> <!-- @AfterTest disconnectDB -->
  <testcase classname="com.ambalsoft.cemr.automation.BaseClass" name="@AfterSuite disconnectServer" time="0.0">
    <ignored/>
  </testcase> <!-- @AfterSuite disconnectServer -->
</testsuite> <!-- Test -->
