<?xml version="1.0" encoding="UTF-8"?>
<testng-results ignored="0" total="1" passed="1" failed="0" skipped="0">
  <reporter-output>
    <line>
      <![CDATA[Connection to the server]]>
    </line>
    <line>
      <![CDATA[Connection to the Data Base]]>
    </line>
    <line>
      <![CDATA[Disconnection from the Data Base]]>
    </line>
    <line>
      <![CDATA[Disconnection from the server]]>
    </line>
  </reporter-output>
  <suite started-at="2025-09-20T11:46:17 IST" name="Default suite" finished-at="2025-09-20T11:46:39 IST" duration-ms="21566">
    <groups>
    </groups>
    <test started-at="2025-09-20T11:46:17 IST" name="Default test" finished-at="2025-09-20T11:46:39 IST" duration-ms="21566">
      <class name="com.ambalsoft.cemr.captureitpropatient.Api_Testing">
        <test-method is-config="true" signature="connectServer()[pri:0, instance:com.ambalsoft.cemr.captureitpropatient.Api_Testing@5e0e82ae]" started-at="2025-09-20T11:46:17 IST" name="connectServer" finished-at="2025-09-20T11:46:17 IST" duration-ms="10" status="PASS">
          <reporter-output>
            <line>
              <![CDATA[Connection to the server]]>
            </line>
          </reporter-output>
        </test-method> <!-- connectServer -->
        <test-method is-config="true" signature="connectDB()[pri:0, instance:com.ambalsoft.cemr.captureitpropatient.Api_Testing@5e0e82ae]" started-at="2025-09-20T11:46:17 IST" name="connectDB" finished-at="2025-09-20T11:46:18 IST" duration-ms="505" status="PASS">
          <reporter-output>
            <line>
              <![CDATA[Connection to the Data Base]]>
            </line>
          </reporter-output>
        </test-method> <!-- connectDB -->
        <test-method is-config="true" signature="openBrowser()[pri:0, instance:com.ambalsoft.cemr.captureitpropatient.Api_Testing@5e0e82ae]" started-at="2025-09-20T11:46:18 IST" name="openBrowser" finished-at="2025-09-20T11:46:35 IST" duration-ms="17750" status="PASS">
          <reporter-output>
          </reporter-output>
        </test-method> <!-- openBrowser -->
        <test-method signature="testData()[pri:0, instance:com.ambalsoft.cemr.captureitpropatient.Api_Testing@5e0e82ae]" started-at="2025-09-20T11:46:35 IST" name="testData" finished-at="2025-09-20T11:46:39 IST" duration-ms="3281" status="PASS">
          <reporter-output>
          </reporter-output>
        </test-method> <!-- testData -->
        <test-method is-config="true" signature="login()[pri:0, instance:com.ambalsoft.cemr.captureitpropatient.Api_Testing@5e0e82ae]" started-at="2025-09-20T11:46:35 IST" name="login" finished-at="2025-09-20T11:46:35 IST" duration-ms="0" status="PASS">
          <reporter-output>
          </reporter-output>
        </test-method> <!-- login -->
        <test-method is-config="true" signature="closeBrowser()[pri:0, instance:com.ambalsoft.cemr.captureitpropatient.Api_Testing@5e0e82ae]" started-at="2025-09-20T11:46:39 IST" name="closeBrowser" finished-at="2025-09-20T11:46:39 IST" duration-ms="0" status="PASS">
          <reporter-output>
          </reporter-output>
        </test-method> <!-- closeBrowser -->
        <test-method is-config="true" signature="logOut()[pri:0, instance:com.ambalsoft.cemr.captureitpropatient.Api_Testing@5e0e82ae]" started-at="2025-09-20T11:46:39 IST" name="logOut" finished-at="2025-09-20T11:46:39 IST" duration-ms="0" status="PASS">
          <reporter-output>
          </reporter-output>
        </test-method> <!-- logOut -->
        <test-method is-config="true" signature="disconnectDB()[pri:0, instance:com.ambalsoft.cemr.captureitpropatient.Api_Testing@5e0e82ae]" started-at="2025-09-20T11:46:39 IST" name="disconnectDB" finished-at="2025-09-20T11:46:39 IST" duration-ms="0" status="PASS">
          <reporter-output>
            <line>
              <![CDATA[Disconnection from the Data Base]]>
            </line>
          </reporter-output>
        </test-method> <!-- disconnectDB -->
        <test-method is-config="true" signature="disconnectServer()[pri:0, instance:com.ambalsoft.cemr.captureitpropatient.Api_Testing@5e0e82ae]" started-at="2025-09-20T11:46:39 IST" name="disconnectServer" finished-at="2025-09-20T11:46:39 IST" duration-ms="0" status="PASS">
          <reporter-output>
            <line>
              <![CDATA[Disconnection from the server]]>
            </line>
          </reporter-output>
        </test-method> <!-- disconnectServer -->
      </class> <!-- com.ambalsoft.cemr.captureitpropatient.Api_Testing -->
    </test> <!-- Default test -->
  </suite> <!-- Default suite -->
</testng-results>
