<?xml version="1.0" encoding="UTF-8"?>
<!-- Generated by org.testng.reporters.JUnitReportReporter -->
<testsuite hostname="DESKTOP-4RGFJ3E" failures="0" tests="1" name="com.ambalsoft.cemr.captureitpropatient.RetrivePatient_Test" time="23.693" errors="0" timestamp="2025-09-12T12:42:24 IST" skipped="0">
  <testcase classname="com.ambalsoft.cemr.captureitpropatient.RetrivePatient_Test" name="searchMrnPatient" time="23.693"/>
  <system-out>
    <![CDATA[Connection to the server
Connection to the Data Base
Disconnection from the Data Base
Disconnection from the server]]>
  </system-out>
</testsuite> <!-- com.ambalsoft.cemr.captureitpropatient.RetrivePatient_Test -->
