<?xml version="1.0" encoding="UTF-8"?>
<!-- Generated by org.testng.reporters.JUnitReportReporter -->
<testsuite hostname="DESKTOP-4RGFJ3E" failures="0" tests="1" name="com.ampalsoft.cemr.Patient.SampleTest" time="0.009" errors="0" timestamp="2025-09-04T15:23:13 IST" skipped="0">
  <testcase classname="com.ampalsoft.cemr.Patient.SampleTest" name="testCase" time="0.009">
    <system-out>
      <![CDATA[https://www.facebook.com/]]>
    </system-out>
  </testcase> <!-- testCase -->
  <system-out>
    <![CDATA[https://www.facebook.com/]]>
  </system-out>
</testsuite> <!-- com.ampalsoft.cemr.Patient.SampleTest -->
