<?xml version="1.0" encoding="UTF-8"?>
<!-- Generated by org.testng.reporters.JUnitReportReporter -->
<testsuite hostname="DESKTOP-4RGFJ3E" failures="0" tests="1" name="com.ambalsoft.cemr.Patient.SampleTest" time="0.660" errors="0" timestamp="2025-09-13T15:44:09 IST" skipped="0">
  <testcase classname="com.ambalsoft.cemr.Patient.SampleTest" name="data" time="0.660"/>
  <system-out>
    <![CDATA[Connection to the server
Connection to the Data Base
Disconnection from the Data Base
Disconnection from the server]]>
  </system-out>
</testsuite> <!-- com.ambalsoft.cemr.Patient.SampleTest -->
