<?xml version="1.0" encoding="UTF-8"?>
<!-- Generated by org.testng.reporters.JUnitReportReporter -->
<testsuite hostname="DESKTOP-4RGFJ3E" failures="0" tests="1" name="com.ambalsoft.cemr.Patient.Retrive_Patient_Test" time="21.506" errors="0" timestamp="2025-09-13T18:16:04 IST" skipped="0">
  <testcase classname="com.ambalsoft.cemr.Patient.Retrive_Patient_Test" name="searchPatient" time="21.506">
    <system-out>
      <![CDATA[MRN-1285----->Record Found
MRN-1286----->Record Found
MRN-1287----->Record Found
MRN-1288----->Record Found
MRN-1289----->Record Found]]>
    </system-out>
  </testcase> <!-- searchPatient -->
  <system-out>
    <![CDATA[Connection to the server
Connection to the Data Base
MRN-1285----->Record Found
MRN-1286----->Record Found
MRN-1287----->Record Found
MRN-1288----->Record Found
MRN-1289----->Record Found
Disconnection from the Data Base
Disconnection from the server]]>
  </system-out>
</testsuite> <!-- com.ambalsoft.cemr.Patient.Retrive_Patient_Test -->
