<?xml version="1.0" encoding="UTF-8"?>
<!-- Generated by org.testng.reporters.JUnitReportReporter -->
<testsuite hostname="DESKTOP-4RGFJ3E" failures="0" tests="1" name="com.ambalsoft.cemr.Patient.Delete_Patient_Test" time="82.305" errors="0" timestamp="2025-09-13T18:09:01 IST" skipped="0">
  <testcase classname="com.ambalsoft.cemr.Patient.Delete_Patient_Test" name="DeleteTest" time="82.305">
    <system-out>
      <![CDATA[MRN-1290---> Record Not Found/Already Deleted
MRN-1291--->Deleted Succesfully
MRN-1292--->Deleted Succesfully
MRN-1293--->Deleted Succesfully
MRN-1294--->Deleted Succesfully]]>
    </system-out>
  </testcase> <!-- DeleteTest -->
  <system-out>
    <![CDATA[Connection to the server
Connection to the Data Base
MRN-1290---> Record Not Found/Already Deleted
MRN-1291--->Deleted Succesfully
MRN-1292--->Deleted Succesfully
MRN-1293--->Deleted Succesfully
MRN-1294--->Deleted Succesfully
Disconnection from the Data Base
Disconnection from the server]]>
  </system-out>
</testsuite> <!-- com.ambalsoft.cemr.Patient.Delete_Patient_Test -->
