<?xml version="1.0" encoding="UTF-8"?>
<!-- Generated by org.testng.reporters.JUnitReportReporter -->
<testsuite hostname="DESKTOP-4RGFJ3E" failures="0" tests="4" name="com.ambalsoft.cemr.captureitpropatient.DownloadPatientRecordTest" time="12.597" errors="0" timestamp="2025-09-12T13:24:16 IST" skipped="0">
  <testcase classname="com.ambalsoft.cemr.captureitpropatient.DownloadPatientRecordTest" name="preSteps" time="4.777"/>
  <testcase classname="com.ambalsoft.cemr.captureitpropatient.DownloadPatientRecordTest" name="excelExport" time="0.355"/>
  <testcase classname="com.ambalsoft.cemr.captureitpropatient.DownloadPatientRecordTest" name="pdfExport" time="6.370"/>
  <testcase classname="com.ambalsoft.cemr.captureitpropatient.DownloadPatientRecordTest" name="csvExport" time="1.095"/>
  <system-out>
    <![CDATA[Connection to the server
Connection to the Data Base
Disconnection from the Data Base
Disconnection from the server]]>
  </system-out>
</testsuite> <!-- com.ambalsoft.cemr.captureitpropatient.DownloadPatientRecordTest -->
