<?xml version="1.0" encoding="UTF-8"?>
<!-- Generated by org.testng.reporters.JUnitReportReporter -->
<testsuite hostname="DESKTOP-4RGFJ3E" failures="0" tests="3" name="com.ambalsoft.cemr.Patient.Create_Patient_Test" time="18.900" errors="0" timestamp="2025-09-13T18:02:09 IST" skipped="0">
  <testcase classname="com.ambalsoft.cemr.Patient.Create_Patient_Test" name="patientModule" time="3.725"/>
  <testcase classname="com.ambalsoft.cemr.Patient.Create_Patient_Test" name="exportMrn" time="0.408"/>
  <testcase classname="com.ambalsoft.cemr.Patient.Create_Patient_Test" name="AddPatient" time="14.767"/>
  <system-out>
    <![CDATA[Connection to the server
Connection to the Data Base
Disconnection from the Data Base
Disconnection from the server]]>
  </system-out>
</testsuite> <!-- com.ambalsoft.cemr.Patient.Create_Patient_Test -->
