<?xml version="1.0" encoding="UTF-8"?>
<!-- Generated by org.testng.reporters.JUnitReportReporter -->
<testsuite hostname="DESKTOP-4RGFJ3E" failures="0" tests="1" name="com.ambalsoft.cemr.Patient.Search_Patient_Test" time="53.962" errors="0" timestamp="2025-09-11T15:06:58 IST" skipped="0">
  <testcase classname="com.ambalsoft.cemr.Patient.Search_Patient_Test" name="searchPatient" time="53.962"/>
  <system-out>
    <![CDATA[Connection to the server
Connection to the Data Base
Disconnection from the Data Base
Disconnection from the server]]>
  </system-out>
</testsuite> <!-- com.ambalsoft.cemr.Patient.Search_Patient_Test -->
