<?xml version="1.0" encoding="UTF-8"?>
<!-- Generated by org.testng.reporters.JUnitReportReporter -->
<testsuite hostname="DESKTOP-4RGFJ3E" failures="0" tests="16" name="com.ambalsoft.cemr.Patient.Add_Patient_AI" time="156.954" errors="1" timestamp="2025-09-11T16:01:28 IST" skipped="0">
  <testcase classname="com.ambalsoft.cemr.Patient.Add_Patient_AI" name="patientModule" time="3.398"/>
  <testcase classname="com.ambalsoft.cemr.Patient.Add_Patient_AI" name="testExcel" time="10.285"/>
  <testcase classname="com.ambalsoft.cemr.Patient.Add_Patient_AI" name="testExcel" time="11.160"/>
  <testcase classname="com.ambalsoft.cemr.Patient.Add_Patient_AI" name="testExcel" time="12.372"/>
  <testcase classname="com.ambalsoft.cemr.Patient.Add_Patient_AI" name="testExcel" time="10.129"/>
  <testcase classname="com.ambalsoft.cemr.Patient.Add_Patient_AI" name="testExcel" time="10.306"/>
  <testcase classname="com.ambalsoft.cemr.Patient.Add_Patient_AI" name="testExcel" time="10.317"/>
  <testcase classname="com.ambalsoft.cemr.Patient.Add_Patient_AI" name="testExcel" time="10.478"/>
  <testcase classname="com.ambalsoft.cemr.Patient.Add_Patient_AI" name="testExcel" time="10.377"/>
  <testcase classname="com.ambalsoft.cemr.Patient.Add_Patient_AI" name="testExcel" time="13.309"/>
  <testcase classname="com.ambalsoft.cemr.Patient.Add_Patient_AI" name="testExcel" time="10.441"/>
  <testcase classname="com.ambalsoft.cemr.Patient.Add_Patient_AI" name="testExcel" time="10.329"/>
  <testcase classname="com.ambalsoft.cemr.Patient.Add_Patient_AI" name="testExcel" time="10.123"/>
  <testcase classname="com.ambalsoft.cemr.Patient.Add_Patient_AI" name="testExcel" time="10.085"/>
  <testcase classname="com.ambalsoft.cemr.Patient.Add_Patient_AI" name="testExcel" time="10.417"/>
  <testcase classname="com.ambalsoft.cemr.Patient.Add_Patient_AI" name="testExcel" time="3.428">
    <error message="stale element reference: stale element not found in the current frame
  (Session info: chrome=140.0.7339.81)
For documentation on this error, please visit: https://www.selenium.dev/documentation/webdriver/troubleshooting/errors#stale-element-reference-exception
Build info: version: &#039;4.34.0&#039;, revision: &#039;707dcb4246*&#039;
System info: os.name: &#039;Windows 11&#039;, os.arch: &#039;amd64&#039;, os.version: &#039;10.0&#039;, java.version: &#039;21.0.8&#039;
Driver info: org.openqa.selenium.chrome.ChromeDriver
Command: [287cc445042c8cfa612f6d0cb7974ac6, clickElement {id=f.A04943ED87E7CD1AFC317A7875A89216.d.E183AE1572C52F449242DE345178D069.e.339}]
Capabilities {acceptInsecureCerts: false, browserName: chrome, browserVersion: 140.0.7339.81, chrome: {chromedriverVersion: 140.0.7339.82 (bc93617e21c3..., userDataDir: C:\Users\SQA_TE~1\AppData\L...}, fedcm:accounts: true, goog:chromeOptions: {debuggerAddress: localhost:59763}, networkConnectionEnabled: false, pageLoadStrategy: normal, platformName: windows, proxy: Proxy(), se:cdp: ws://localhost:59763/devtoo..., se:cdpVersion: 140.0.7339.81, setWindowRect: true, strictFileInteractability: false, timeouts: {implicit: 0, pageLoad: 300000, script: 30000}, unhandledPromptBehavior: dismiss and notify, webauthn:extension:credBlob: true, webauthn:extension:largeBlob: true, webauthn:extension:minPinLength: true, webauthn:extension:prf: true, webauthn:virtualAuthenticators: true}
Element: [[ChromeDriver: chrome on windows (287cc445042c8cfa612f6d0cb7974ac6)] -&gt; xpath: //li[@id=&#039;apptProfile_0&#039;]]
Session ID: 287cc445042c8cfa612f6d0cb7974ac6" type="org.openqa.selenium.StaleElementReferenceException">
      <![CDATA[org.openqa.selenium.StaleElementReferenceException: stale element reference: stale element not found in the current frame
  (Session info: chrome=140.0.7339.81)
For documentation on this error, please visit: https://www.selenium.dev/documentation/webdriver/troubleshooting/errors#stale-element-reference-exception
Build info: version: '4.34.0', revision: '707dcb4246*'
System info: os.name: 'Windows 11', os.arch: 'amd64', os.version: '10.0', java.version: '21.0.8'
Driver info: org.openqa.selenium.chrome.ChromeDriver
Command: [287cc445042c8cfa612f6d0cb7974ac6, clickElement {id=f.A04943ED87E7CD1AFC317A7875A89216.d.E183AE1572C52F449242DE345178D069.e.339}]
Capabilities {acceptInsecureCerts: false, browserName: chrome, browserVersion: 140.0.7339.81, chrome: {chromedriverVersion: 140.0.7339.82 (bc93617e21c3..., userDataDir: C:\Users\SQA_TE~1\AppData\L...}, fedcm:accounts: true, goog:chromeOptions: {debuggerAddress: localhost:59763}, networkConnectionEnabled: false, pageLoadStrategy: normal, platformName: windows, proxy: Proxy(), se:cdp: ws://localhost:59763/devtoo..., se:cdpVersion: 140.0.7339.81, setWindowRect: true, strictFileInteractability: false, timeouts: {implicit: 0, pageLoad: 300000, script: 30000}, unhandledPromptBehavior: dismiss and notify, webauthn:extension:credBlob: true, webauthn:extension:largeBlob: true, webauthn:extension:minPinLength: true, webauthn:extension:prf: true, webauthn:virtualAuthenticators: true}
Element: [[ChromeDriver: chrome on windows (287cc445042c8cfa612f6d0cb7974ac6)] -> xpath: //li[@id='apptProfile_0']]
Session ID: 287cc445042c8cfa612f6d0cb7974ac6
at java.base/jdk.internal.reflect.DirectConstructorHandleAccessor.newInstance(DirectConstructorHandleAccessor.java:62)
at java.base/java.lang.reflect.Constructor.newInstanceWithCaller(Constructor.java:502)
at java.base/java.lang.reflect.Constructor.newInstance(Constructor.java:486)
at org.openqa.selenium.remote.ErrorCodec.decode(ErrorCodec.java:167)
at org.openqa.selenium.remote.codec.w3c.W3CHttpResponseCodec.decode(W3CHttpResponseCodec.java:138)
at org.openqa.selenium.remote.codec.w3c.W3CHttpResponseCodec.decode(W3CHttpResponseCodec.java:50)
at org.openqa.selenium.remote.HttpCommandExecutor.execute(HttpCommandExecutor.java:215)
at org.openqa.selenium.remote.service.DriverCommandExecutor.invokeExecute(DriverCommandExecutor.java:216)
at org.openqa.selenium.remote.service.DriverCommandExecutor.execute(DriverCommandExecutor.java:174)
at org.openqa.selenium.remote.RemoteWebDriver.execute(RemoteWebDriver.java:544)
at org.openqa.selenium.remote.RemoteWebElement.execute(RemoteWebElement.java:223)
at org.openqa.selenium.remote.RemoteWebElement.click(RemoteWebElement.java:76)
at java.base/jdk.internal.reflect.DirectMethodHandleAccessor.invoke(DirectMethodHandleAccessor.java:103)
at java.base/java.lang.reflect.Method.invoke(Method.java:580)
at org.openqa.selenium.support.pagefactory.internal.LocatingElementHandler.invoke(LocatingElementHandler.java:51)
at jdk.proxy2/jdk.proxy2.$Proxy19.click(Unknown Source)
at com.ambalsoft.cemr.Patient.Add_Patient_AI.testExcel(Add_Patient_AI.java:50)
at java.base/jdk.internal.reflect.DirectMethodHandleAccessor.invoke(DirectMethodHandleAccessor.java:103)
at java.base/java.lang.reflect.Method.invoke(Method.java:580)
at org.testng.internal.invokers.MethodInvocationHelper.invokeMethod(MethodInvocationHelper.java:139)
at org.testng.internal.invokers.TestInvoker.invokeMethod(TestInvoker.java:664)
at org.testng.internal.invokers.TestInvoker.invokeTestMethod(TestInvoker.java:227)
at org.testng.internal.invokers.MethodRunner.runInSequence(MethodRunner.java:50)
at org.testng.internal.invokers.TestInvoker$MethodInvocationAgent.invoke(TestInvoker.java:957)
at org.testng.internal.invokers.TestInvoker.invokeTestMethods(TestInvoker.java:200)
at org.testng.internal.invokers.TestMethodWorker.invokeTestMethods(TestMethodWorker.java:148)
at org.testng.internal.invokers.TestMethodWorker.run(TestMethodWorker.java:128)
at java.base/java.util.ArrayList.forEach(ArrayList.java:1596)
at org.testng.TestRunner.privateRun(TestRunner.java:848)
at org.testng.TestRunner.run(TestRunner.java:621)
at org.testng.SuiteRunner.runTest(SuiteRunner.java:443)
at org.testng.SuiteRunner.runSequentially(SuiteRunner.java:437)
at org.testng.SuiteRunner.privateRun(SuiteRunner.java:397)
at org.testng.SuiteRunner.run(SuiteRunner.java:336)
at org.testng.SuiteRunnerWorker.runSuite(SuiteRunnerWorker.java:52)
at org.testng.SuiteRunnerWorker.run(SuiteRunnerWorker.java:95)
at org.testng.TestNG.runSuitesSequentially(TestNG.java:1280)
at org.testng.TestNG.runSuitesLocally(TestNG.java:1200)
at org.testng.TestNG.runSuites(TestNG.java:1114)
at org.testng.TestNG.run(TestNG.java:1082)
at org.testng.remote.AbstractRemoteTestNG.run(AbstractRemoteTestNG.java:115)
at org.testng.remote.RemoteTestNG.initAndRun(RemoteTestNG.java:293)
at org.testng.remote.RemoteTestNG.main(RemoteTestNG.java:91)
]]>
    </error>
  </testcase> <!-- testExcel -->
  <system-out>
    <![CDATA[Connection to the server
Connection to the Data Base
Disconnection from the Data Base
Disconnection from the server]]>
  </system-out>
</testsuite> <!-- com.ambalsoft.cemr.Patient.Add_Patient_AI -->
